
> linkedin-ingestion-admin-ui@1.0.0 start
> node server.js

2025-08-18T19:51:21.988Z [[32minfo[39m]: LinkedIn Ingestion Admin UI server running on port 3003 {"service":"linkedin-ingestion-admin-ui","environment":"development","fastApiUrl":"http://localhost:8000"}
2025-08-18T19:51:31.861Z [[32minfo[39m]: GET /health {"service":"linkedin-ingestion-admin-ui","ip":"::1","userAgent":"curl/8.7.1"}
2025-08-18T20:03:11.987Z [[32minfo[39m]: GET /health {"service":"linkedin-ingestion-admin-ui","ip":"::1","userAgent":"curl/8.7.1"}
2025-08-18T20:03:53.198Z [[32minfo[39m]: GET / {"service":"linkedin-ingestion-admin-ui","ip":"::1","userAgent":"Mozilla/5.0 (Macintosh; Intel Mac OS X 10_15_7) AppleWebKit/537.36 (KHTML, like Gecko) Chrome/139.0.0.0 Safari/537.36"}
2025-08-18T20:03:53.252Z [[31merror[39m]: API No Response: {"service":"linkedin-ingestion-admin-ui","method":"get","url":"/api/v1/profiles"}
2025-08-18T20:03:53.254Z [[31merror[39m]: API No Response: {"service":"linkedin-ingestion-admin-ui","method":"get","url":"/api/v1/companies"}
2025-08-18T20:03:53.255Z [[31merror[39m]: API No Response: {"service":"linkedin-ingestion-admin-ui","method":"get","url":"/api/v1/health"}
2025-08-18T20:03:53.290Z [[32minfo[39m]: GET /js/dashboard.js {"service":"linkedin-ingestion-admin-ui","ip":"::1","userAgent":"Mozilla/5.0 (Macintosh; Intel Mac OS X 10_15_7) AppleWebKit/537.36 (KHTML, like Gecko) Chrome/139.0.0.0 Safari/537.36"}
ReferenceError: /Users/burke/projects/linkedin-ingestion/admin-ui/views/error.ejs:19
    17|                     </div>
    18|                     <h1 class="display-4 fw-bold text-dark mb-3"><%= title %></h1>
 >> 19|                     <p class="fs-5 text-muted mb-4"><%= message %></p>
    20|                     <% if (error && error.status) { %>
    21|                         <p class="text-muted">Status Code: <%= error.status %></p>
    22|                     <% } %>

message is not defined
    at eval ("/Users/burke/projects/linkedin-ingestion/admin-ui/views/error.ejs":18:26)
    at error (/Users/burke/projects/linkedin-ingestion/admin-ui/node_modules/ejs/lib/ejs.js:703:17)
    at tryHandleCache (/Users/burke/projects/linkedin-ingestion/admin-ui/node_modules/ejs/lib/ejs.js:274:36)
    at exports.renderFile [as engine] (/Users/burke/projects/linkedin-ingestion/admin-ui/node_modules/ejs/lib/ejs.js:491:10)
    at View.render (/Users/burke/projects/linkedin-ingestion/admin-ui/node_modules/express/lib/view.js:135:8)
    at tryRender (/Users/burke/projects/linkedin-ingestion/admin-ui/node_modules/express/lib/application.js:657:10)
    at Function.render (/Users/burke/projects/linkedin-ingestion/admin-ui/node_modules/express/lib/application.js:609:3)
    at ServerResponse.render (/Users/burke/projects/linkedin-ingestion/admin-ui/node_modules/express/lib/response.js:1049:7)
    at /Users/burke/projects/linkedin-ingestion/admin-ui/server.js:104:21
    at Layer.handle [as handle_request] (/Users/burke/projects/linkedin-ingestion/admin-ui/node_modules/express/lib/router/layer.js:95:5)
2025-08-18T20:03:57.114Z [[32minfo[39m]: GET / {"service":"linkedin-ingestion-admin-ui","ip":"::1","userAgent":"Mozilla/5.0 (Macintosh; Intel Mac OS X 10_15_7) AppleWebKit/537.36 (KHTML, like Gecko) Chrome/139.0.0.0 Safari/537.36"}
2025-08-18T20:03:57.131Z [[31merror[39m]: API No Response: {"service":"linkedin-ingestion-admin-ui","method":"get","url":"/api/v1/profiles"}
2025-08-18T20:03:57.133Z [[31merror[39m]: API No Response: {"service":"linkedin-ingestion-admin-ui","method":"get","url":"/api/v1/companies"}
2025-08-18T20:03:57.134Z [[31merror[39m]: API No Response: {"service":"linkedin-ingestion-admin-ui","method":"get","url":"/api/v1/health"}
2025-08-18T20:03:57.161Z [[32minfo[39m]: GET /js/dashboard.js {"service":"linkedin-ingestion-admin-ui","ip":"::1","userAgent":"Mozilla/5.0 (Macintosh; Intel Mac OS X 10_15_7) AppleWebKit/537.36 (KHTML, like Gecko) Chrome/139.0.0.0 Safari/537.36"}
ReferenceError: /Users/burke/projects/linkedin-ingestion/admin-ui/views/error.ejs:19
    17|                     </div>
    18|                     <h1 class="display-4 fw-bold text-dark mb-3"><%= title %></h1>
 >> 19|                     <p class="fs-5 text-muted mb-4"><%= message %></p>
    20|                     <% if (error && error.status) { %>
    21|                         <p class="text-muted">Status Code: <%= error.status %></p>
    22|                     <% } %>

message is not defined
    at eval ("/Users/burke/projects/linkedin-ingestion/admin-ui/views/error.ejs":18:26)
    at error (/Users/burke/projects/linkedin-ingestion/admin-ui/node_modules/ejs/lib/ejs.js:703:17)
    at tryHandleCache (/Users/burke/projects/linkedin-ingestion/admin-ui/node_modules/ejs/lib/ejs.js:274:36)
    at exports.renderFile [as engine] (/Users/burke/projects/linkedin-ingestion/admin-ui/node_modules/ejs/lib/ejs.js:491:10)
    at View.render (/Users/burke/projects/linkedin-ingestion/admin-ui/node_modules/express/lib/view.js:135:8)
    at tryRender (/Users/burke/projects/linkedin-ingestion/admin-ui/node_modules/express/lib/application.js:657:10)
    at Function.render (/Users/burke/projects/linkedin-ingestion/admin-ui/node_modules/express/lib/application.js:609:3)
    at ServerResponse.render (/Users/burke/projects/linkedin-ingestion/admin-ui/node_modules/express/lib/response.js:1049:7)
    at /Users/burke/projects/linkedin-ingestion/admin-ui/server.js:104:21
    at Layer.handle [as handle_request] (/Users/burke/projects/linkedin-ingestion/admin-ui/node_modules/express/lib/router/layer.js:95:5)
2025-08-18T20:04:22.244Z [[32minfo[39m]: GET /profiles {"service":"linkedin-ingestion-admin-ui","ip":"::1","userAgent":"Mozilla/5.0 (Macintosh; Intel Mac OS X 10_15_7) AppleWebKit/537.36 (KHTML, like Gecko) Chrome/139.0.0.0 Safari/537.36"}
2025-08-18T20:04:22.260Z [[31merror[39m]: API No Response: {"service":"linkedin-ingestion-admin-ui","method":"get","url":"/profiles"}
2025-08-18T20:04:22.261Z [[31merror[39m]: Error fetching profiles: {"service":"linkedin-ingestion-admin-ui","code":"ECONNREFUSED","errors":[{"errno":-61,"code":"ECONNREFUSED","syscall":"connect","address":"::1","port":8000},{"errno":-61,"code":"ECONNREFUSED","syscall":"connect","address":"127.0.0.1","port":8000}],"name":"AggregateError","config":{"transitional":{"silentJSONParsing":true,"forcedJSONParsing":true,"clarifyTimeoutError":false},"adapter":["xhr","http","fetch"],"transformRequest":[null],"transformResponse":[null],"timeout":30000,"xsrfCookieName":"XSRF-TOKEN","xsrfHeaderName":"X-XSRF-TOKEN","maxContentLength":-1,"maxBodyLength":-1,"env":{},"headers":{"Accept":"application/json, text/plain, */*","Content-Type":"application/json","User-Agent":"LinkedIn-Ingestion-Admin-UI/1.0","Accept-Encoding":"gzip, compress, deflate, br"},"baseURL":"http://localhost:8000","params":{"page":1,"limit":50},"method":"get","url":"/profiles","allowAbsoluteUrls":true},"request":{"_events":{"socket":[null,null]},"_writableState":{"highWaterMark":65536,"length":0,"corked":0,"writelen":0,"bufferedIndex":0,"pendingcb":0},"_options":{"maxRedirects":21,"maxBodyLength":null,"protocol":"http:","path":"/profiles?page=1&limit=50","method":"GET","headers":{"Accept":"application/json, text/plain, */*","Content-Type":"application/json","User-Agent":"LinkedIn-Ingestion-Admin-UI/1.0","Accept-Encoding":"gzip, compress, deflate, br"},"agents":{},"beforeRedirects":{},"hostname":"localhost","port":"8000","nativeProtocols":{"http:":{"METHODS":["ACL","BIND","CHECKOUT","CONNECT","COPY","DELETE","GET","HEAD","LINK","LOCK","M-SEARCH","MERGE","MKACTIVITY","MKCALENDAR","MKCOL","MOVE","NOTIFY","OPTIONS","PATCH","POST","PROPFIND","PROPPATCH","PURGE","PUT","QUERY","REBIND","REPORT","SEARCH","SOURCE","SUBSCRIBE","TRACE","UNBIND","UNLINK","UNLOCK","UNSUBSCRIBE"],"STATUS_CODES":{"100":"Continue","101":"Switching Protocols","102":"Processing","103":"Early Hints","200":"OK","201":"Created","202":"Accepted","203":"Non-Authoritative Information","204":"No Content","205":"Reset Content","206":"Partial Content","207":"Multi-Status","208":"Already Reported","226":"IM Used","300":"Multiple Choices","301":"Moved Permanently","302":"Found","303":"See Other","304":"Not Modified","305":"Use Proxy","307":"Temporary Redirect","308":"Permanent Redirect","400":"Bad Request","401":"Unauthorized","402":"Payment Required","403":"Forbidden","404":"Not Found","405":"Method Not Allowed","406":"Not Acceptable","407":"Proxy Authentication Required","408":"Request Timeout","409":"Conflict","410":"Gone","411":"Length Required","412":"Precondition Failed","413":"Payload Too Large","414":"URI Too Long","415":"Unsupported Media Type","416":"Range Not Satisfiable","417":"Expectation Failed","418":"I'm a Teapot","421":"Misdirected Request","422":"Unprocessable Entity","423":"Locked","424":"Failed Dependency","425":"Too Early","426":"Upgrade Required","428":"Precondition Required","429":"Too Many Requests","431":"Request Header Fields Too Large","451":"Unavailable For Legal Reasons","500":"Internal Server Error","501":"Not Implemented","502":"Bad Gateway","503":"Service Unavailable","504":"Gateway Timeout","505":"HTTP Version Not Supported","506":"Variant Also Negotiates","507":"Insufficient Storage","508":"Loop Detected","509":"Bandwidth Limit Exceeded","510":"Not Extended","511":"Network Authentication Required"},"maxHeaderSize":16384,"globalAgent":{"_events":{},"_eventsCount":2,"defaultPort":80,"protocol":"http:","options":{"keepAlive":true,"scheduling":"lifo","timeout":5000,"noDelay":true,"path":null},"requests":{},"sockets":{"localhost:8000:":[{"connecting":false,"_hadError":true,"_parent":null,"_host":"localhost","_closeAfterHandlingError":false,"_events":{"close":[null,null,null],"connect":[null,null,null],"timeout":[null,null,null]},"_readableState":{"highWaterMark":65536,"buffer":[],"bufferIndex":0,"length":0,"pipes":[],"awaitDrainWriters":null},"_writableState":{"highWaterMark":65536,"length":254,"corked":0,"writelen":254,"bufferedIndex":0,"pendingcb":1},"allowHalfOpen":false,"_eventsCount":8,"_sockname":null,"_pendingData":"GET /profiles?page=1&limit=50 HTTP/1.1\r\nAccept: application/json, text/plain, */*\r\nContent-Type: application/json\r\nUser-Agent: LinkedIn-Ingestion-Admin-UI/1.0\r\nAccept-Encoding: gzip, compress, deflate, br\r\nHost: localhost:8000\r\nConnection: keep-alive\r\n\r\n","_pendingEncoding":"latin1","server":null,"_server":null,"timeout":30000,"parser":null,"_httpMessage":{"_events":{},"_eventsCount":7,"outputData":[],"outputSize":0,"writable":true,"destroyed":false,"_last":true,"chunkedEncoding":false,"shouldKeepAlive":true,"maxRequestsOnConnectionReached":false,"_defaultKeepAlive":true,"useChunkedEncodingByDefault":false,"sendDate":false,"_removedConnection":false,"_removedContLen":false,"_removedTE":false,"strictContentLength":false,"_contentLength":0,"_hasBody":true,"_trailer":"","finished":true,"_headerSent":true,"_closed":false,"_header":"GET /profiles?page=1&limit=50 HTTP/1.1\r\nAccept: application/json, text/plain, */*\r\nContent-Type: application/json\r\nUser-Agent: LinkedIn-Ingestion-Admin-UI/1.0\r\nAccept-Encoding: gzip, compress, deflate, br\r\nHost: localhost:8000\r\nConnection: keep-alive\r\n\r\n","_keepAliveTimeout":0,"agent":"[Circular]","method":"GET","path":"/profiles?page=1&limit=50","_ended":false,"res":null,"aborted":false,"upgradeOrConnect":false,"parser":null,"maxHeadersCount":null,"reusedSocket":false,"host":"localhost","protocol":"http:","_redirectable":"[Circular]"},"autoSelectFamilyAttemptedAddresses":["::1:8000","127.0.0.1:8000"]}]},"freeSockets":{},"keepAliveMsecs":1000,"keepAlive":true,"maxSockets":null,"maxFreeSockets":256,"scheduling":"lifo","maxTotalSockets":null,"totalSocketCount":1}},"https:":{"globalAgent":{"_events":{},"_eventsCount":2,"defaultPort":443,"protocol":"https:","options":{"keepAlive":true,"scheduling":"lifo","timeout":5000,"noDelay":true,"path":null},"requests":{},"sockets":{},"freeSockets":{},"keepAliveMsecs":1000,"keepAlive":true,"maxSockets":null,"maxFreeSockets":256,"scheduling":"lifo","maxTotalSockets":null,"totalSocketCount":0,"maxCachedSessions":100,"_sessionCache":{"map":{},"list":[]}}}},"pathname":"/profiles","search":"?page=1&limit=50"},"_ended":true,"_ending":true,"_redirectCount":0,"_redirects":[],"_requestBodyLength":0,"_requestBodyBuffers":[],"_eventsCount":3,"_currentRequest":"[Circular]","_currentUrl":"http://localhost:8000/profiles?page=1&limit=50","_timeout":null},"cause":{"code":"ECONNREFUSED"},"stack":"AggregateError\n    at AxiosError.from (/Users/burke/projects/linkedin-ingestion/admin-ui/node_modules/axios/dist/node/axios.cjs:899:14)\n    at RedirectableRequest.handleRequestError (/Users/burke/projects/linkedin-ingestion/admin-ui/node_modules/axios/dist/node/axios.cjs:3228:25)\n    at RedirectableRequest.emit (node:events:519:35)\n    at eventHandlers.<computed> (/Users/burke/projects/linkedin-ingestion/admin-ui/node_modules/follow-redirects/index.js:49:24)\n    at ClientRequest.emit (node:events:507:28)\n    at emitErrorEvent (node:_http_client:104:11)\n    at Socket.socketErrorListener (node:_http_client:518:5)\n    at Socket.emit (node:events:507:28)\n    at emitErrorNT (node:internal/streams/destroy:170:8)\n    at emitErrorCloseNT (node:internal/streams/destroy:129:3)\n    at Axios.request (/Users/burke/projects/linkedin-ingestion/admin-ui/node_modules/axios/dist/node/axios.cjs:4317:41)\n    at process.processTicksAndRejections (node:internal/process/task_queues:105:5)\n    at async /Users/burke/projects/linkedin-ingestion/admin-ui/routes/profiles.js:21:26"}
2025-08-18T20:04:26.739Z [[32minfo[39m]: GET / {"service":"linkedin-ingestion-admin-ui","ip":"::1","userAgent":"Mozilla/5.0 (Macintosh; Intel Mac OS X 10_15_7) AppleWebKit/537.36 (KHTML, like Gecko) Chrome/139.0.0.0 Safari/537.36"}
2025-08-18T20:04:26.770Z [[31merror[39m]: API No Response: {"service":"linkedin-ingestion-admin-ui","method":"get","url":"/api/v1/profiles"}
2025-08-18T20:04:26.772Z [[31merror[39m]: API No Response: {"service":"linkedin-ingestion-admin-ui","method":"get","url":"/api/v1/companies"}
2025-08-18T20:04:26.776Z [[31merror[39m]: API No Response: {"service":"linkedin-ingestion-admin-ui","method":"get","url":"/api/v1/health"}
2025-08-18T20:04:26.838Z [[32minfo[39m]: GET /js/dashboard.js {"service":"linkedin-ingestion-admin-ui","ip":"::1","userAgent":"Mozilla/5.0 (Macintosh; Intel Mac OS X 10_15_7) AppleWebKit/537.36 (KHTML, like Gecko) Chrome/139.0.0.0 Safari/537.36"}
ReferenceError: /Users/burke/projects/linkedin-ingestion/admin-ui/views/error.ejs:19
    17|                     </div>
    18|                     <h1 class="display-4 fw-bold text-dark mb-3"><%= title %></h1>
 >> 19|                     <p class="fs-5 text-muted mb-4"><%= message %></p>
    20|                     <% if (error && error.status) { %>
    21|                         <p class="text-muted">Status Code: <%= error.status %></p>
    22|                     <% } %>

message is not defined
    at eval ("/Users/burke/projects/linkedin-ingestion/admin-ui/views/error.ejs":18:26)
    at error (/Users/burke/projects/linkedin-ingestion/admin-ui/node_modules/ejs/lib/ejs.js:703:17)
    at tryHandleCache (/Users/burke/projects/linkedin-ingestion/admin-ui/node_modules/ejs/lib/ejs.js:274:36)
    at exports.renderFile [as engine] (/Users/burke/projects/linkedin-ingestion/admin-ui/node_modules/ejs/lib/ejs.js:491:10)
    at View.render (/Users/burke/projects/linkedin-ingestion/admin-ui/node_modules/express/lib/view.js:135:8)
    at tryRender (/Users/burke/projects/linkedin-ingestion/admin-ui/node_modules/express/lib/application.js:657:10)
    at Function.render (/Users/burke/projects/linkedin-ingestion/admin-ui/node_modules/express/lib/application.js:609:3)
    at ServerResponse.render (/Users/burke/projects/linkedin-ingestion/admin-ui/node_modules/express/lib/response.js:1049:7)
    at /Users/burke/projects/linkedin-ingestion/admin-ui/server.js:104:21
    at Layer.handle [as handle_request] (/Users/burke/projects/linkedin-ingestion/admin-ui/node_modules/express/lib/router/layer.js:95:5)
2025-08-18T20:04:27.924Z [[32minfo[39m]: GET /profiles {"service":"linkedin-ingestion-admin-ui","ip":"::1","userAgent":"Mozilla/5.0 (Macintosh; Intel Mac OS X 10_15_7) AppleWebKit/537.36 (KHTML, like Gecko) Chrome/139.0.0.0 Safari/537.36"}
2025-08-18T20:04:27.929Z [[31merror[39m]: API No Response: {"service":"linkedin-ingestion-admin-ui","method":"get","url":"/profiles"}
2025-08-18T20:04:27.930Z [[31merror[39m]: Error fetching profiles: {"service":"linkedin-ingestion-admin-ui","code":"ECONNREFUSED","errors":[{"errno":-61,"code":"ECONNREFUSED","syscall":"connect","address":"::1","port":8000},{"errno":-61,"code":"ECONNREFUSED","syscall":"connect","address":"127.0.0.1","port":8000}],"name":"AggregateError","config":{"transitional":{"silentJSONParsing":true,"forcedJSONParsing":true,"clarifyTimeoutError":false},"adapter":["xhr","http","fetch"],"transformRequest":[null],"transformResponse":[null],"timeout":30000,"xsrfCookieName":"XSRF-TOKEN","xsrfHeaderName":"X-XSRF-TOKEN","maxContentLength":-1,"maxBodyLength":-1,"env":{},"headers":{"Accept":"application/json, text/plain, */*","Content-Type":"application/json","User-Agent":"LinkedIn-Ingestion-Admin-UI/1.0","Accept-Encoding":"gzip, compress, deflate, br"},"baseURL":"http://localhost:8000","params":{"page":1,"limit":50},"method":"get","url":"/profiles","allowAbsoluteUrls":true},"request":{"_events":{"socket":[null,null]},"_writableState":{"highWaterMark":65536,"length":0,"corked":0,"writelen":0,"bufferedIndex":0,"pendingcb":0},"_options":{"maxRedirects":21,"maxBodyLength":null,"protocol":"http:","path":"/profiles?page=1&limit=50","method":"GET","headers":{"Accept":"application/json, text/plain, */*","Content-Type":"application/json","User-Agent":"LinkedIn-Ingestion-Admin-UI/1.0","Accept-Encoding":"gzip, compress, deflate, br"},"agents":{},"beforeRedirects":{},"hostname":"localhost","port":"8000","nativeProtocols":{"http:":{"METHODS":["ACL","BIND","CHECKOUT","CONNECT","COPY","DELETE","GET","HEAD","LINK","LOCK","M-SEARCH","MERGE","MKACTIVITY","MKCALENDAR","MKCOL","MOVE","NOTIFY","OPTIONS","PATCH","POST","PROPFIND","PROPPATCH","PURGE","PUT","QUERY","REBIND","REPORT","SEARCH","SOURCE","SUBSCRIBE","TRACE","UNBIND","UNLINK","UNLOCK","UNSUBSCRIBE"],"STATUS_CODES":{"100":"Continue","101":"Switching Protocols","102":"Processing","103":"Early Hints","200":"OK","201":"Created","202":"Accepted","203":"Non-Authoritative Information","204":"No Content","205":"Reset Content","206":"Partial Content","207":"Multi-Status","208":"Already Reported","226":"IM Used","300":"Multiple Choices","301":"Moved Permanently","302":"Found","303":"See Other","304":"Not Modified","305":"Use Proxy","307":"Temporary Redirect","308":"Permanent Redirect","400":"Bad Request","401":"Unauthorized","402":"Payment Required","403":"Forbidden","404":"Not Found","405":"Method Not Allowed","406":"Not Acceptable","407":"Proxy Authentication Required","408":"Request Timeout","409":"Conflict","410":"Gone","411":"Length Required","412":"Precondition Failed","413":"Payload Too Large","414":"URI Too Long","415":"Unsupported Media Type","416":"Range Not Satisfiable","417":"Expectation Failed","418":"I'm a Teapot","421":"Misdirected Request","422":"Unprocessable Entity","423":"Locked","424":"Failed Dependency","425":"Too Early","426":"Upgrade Required","428":"Precondition Required","429":"Too Many Requests","431":"Request Header Fields Too Large","451":"Unavailable For Legal Reasons","500":"Internal Server Error","501":"Not Implemented","502":"Bad Gateway","503":"Service Unavailable","504":"Gateway Timeout","505":"HTTP Version Not Supported","506":"Variant Also Negotiates","507":"Insufficient Storage","508":"Loop Detected","509":"Bandwidth Limit Exceeded","510":"Not Extended","511":"Network Authentication Required"},"maxHeaderSize":16384,"globalAgent":{"_events":{},"_eventsCount":2,"defaultPort":80,"protocol":"http:","options":{"keepAlive":true,"scheduling":"lifo","timeout":5000,"noDelay":true,"path":null},"requests":{},"sockets":{"localhost:8000:":[{"connecting":false,"_hadError":true,"_parent":null,"_host":"localhost","_closeAfterHandlingError":false,"_events":{"close":[null,null,null],"connect":[null,null,null],"timeout":[null,null,null]},"_readableState":{"highWaterMark":65536,"buffer":[],"bufferIndex":0,"length":0,"pipes":[],"awaitDrainWriters":null},"_writableState":{"highWaterMark":65536,"length":254,"corked":0,"writelen":254,"bufferedIndex":0,"pendingcb":1},"allowHalfOpen":false,"_eventsCount":8,"_sockname":null,"_pendingData":"GET /profiles?page=1&limit=50 HTTP/1.1\r\nAccept: application/json, text/plain, */*\r\nContent-Type: application/json\r\nUser-Agent: LinkedIn-Ingestion-Admin-UI/1.0\r\nAccept-Encoding: gzip, compress, deflate, br\r\nHost: localhost:8000\r\nConnection: keep-alive\r\n\r\n","_pendingEncoding":"latin1","server":null,"_server":null,"timeout":30000,"parser":null,"_httpMessage":{"_events":{},"_eventsCount":7,"outputData":[],"outputSize":0,"writable":true,"destroyed":false,"_last":true,"chunkedEncoding":false,"shouldKeepAlive":true,"maxRequestsOnConnectionReached":false,"_defaultKeepAlive":true,"useChunkedEncodingByDefault":false,"sendDate":false,"_removedConnection":false,"_removedContLen":false,"_removedTE":false,"strictContentLength":false,"_contentLength":0,"_hasBody":true,"_trailer":"","finished":true,"_headerSent":true,"_closed":false,"_header":"GET /profiles?page=1&limit=50 HTTP/1.1\r\nAccept: application/json, text/plain, */*\r\nContent-Type: application/json\r\nUser-Agent: LinkedIn-Ingestion-Admin-UI/1.0\r\nAccept-Encoding: gzip, compress, deflate, br\r\nHost: localhost:8000\r\nConnection: keep-alive\r\n\r\n","_keepAliveTimeout":0,"agent":"[Circular]","method":"GET","path":"/profiles?page=1&limit=50","_ended":false,"res":null,"aborted":false,"upgradeOrConnect":false,"parser":null,"maxHeadersCount":null,"reusedSocket":false,"host":"localhost","protocol":"http:","_redirectable":"[Circular]"},"autoSelectFamilyAttemptedAddresses":["::1:8000","127.0.0.1:8000"]}]},"freeSockets":{},"keepAliveMsecs":1000,"keepAlive":true,"maxSockets":null,"maxFreeSockets":256,"scheduling":"lifo","maxTotalSockets":null,"totalSocketCount":1}},"https:":{"globalAgent":{"_events":{},"_eventsCount":2,"defaultPort":443,"protocol":"https:","options":{"keepAlive":true,"scheduling":"lifo","timeout":5000,"noDelay":true,"path":null},"requests":{},"sockets":{},"freeSockets":{},"keepAliveMsecs":1000,"keepAlive":true,"maxSockets":null,"maxFreeSockets":256,"scheduling":"lifo","maxTotalSockets":null,"totalSocketCount":0,"maxCachedSessions":100,"_sessionCache":{"map":{},"list":[]}}}},"pathname":"/profiles","search":"?page=1&limit=50"},"_ended":true,"_ending":true,"_redirectCount":0,"_redirects":[],"_requestBodyLength":0,"_requestBodyBuffers":[],"_eventsCount":3,"_currentRequest":"[Circular]","_currentUrl":"http://localhost:8000/profiles?page=1&limit=50","_timeout":null},"cause":{"code":"ECONNREFUSED"},"stack":"AggregateError\n    at AxiosError.from (/Users/burke/projects/linkedin-ingestion/admin-ui/node_modules/axios/dist/node/axios.cjs:899:14)\n    at RedirectableRequest.handleRequestError (/Users/burke/projects/linkedin-ingestion/admin-ui/node_modules/axios/dist/node/axios.cjs:3228:25)\n    at RedirectableRequest.emit (node:events:519:35)\n    at eventHandlers.<computed> (/Users/burke/projects/linkedin-ingestion/admin-ui/node_modules/follow-redirects/index.js:49:24)\n    at ClientRequest.emit (node:events:507:28)\n    at emitErrorEvent (node:_http_client:104:11)\n    at Socket.socketErrorListener (node:_http_client:518:5)\n    at Socket.emit (node:events:507:28)\n    at emitErrorNT (node:internal/streams/destroy:170:8)\n    at emitErrorCloseNT (node:internal/streams/destroy:129:3)\n    at Axios.request (/Users/burke/projects/linkedin-ingestion/admin-ui/node_modules/axios/dist/node/axios.cjs:4317:41)\n    at process.processTicksAndRejections (node:internal/process/task_queues:105:5)\n    at async /Users/burke/projects/linkedin-ingestion/admin-ui/routes/profiles.js:21:26"}
2025-08-18T20:04:31.106Z [[32minfo[39m]: GET /companies {"service":"linkedin-ingestion-admin-ui","ip":"::1","userAgent":"Mozilla/5.0 (Macintosh; Intel Mac OS X 10_15_7) AppleWebKit/537.36 (KHTML, like Gecko) Chrome/139.0.0.0 Safari/537.36"}
2025-08-18T20:04:31.120Z [[31merror[39m]: API No Response: {"service":"linkedin-ingestion-admin-ui","method":"get","url":"/companies"}
2025-08-18T20:04:31.121Z [[31merror[39m]: Error fetching companies: {"service":"linkedin-ingestion-admin-ui","code":"ECONNREFUSED","errors":[{"errno":-61,"code":"ECONNREFUSED","syscall":"connect","address":"::1","port":8000},{"errno":-61,"code":"ECONNREFUSED","syscall":"connect","address":"127.0.0.1","port":8000}],"name":"AggregateError","config":{"transitional":{"silentJSONParsing":true,"forcedJSONParsing":true,"clarifyTimeoutError":false},"adapter":["xhr","http","fetch"],"transformRequest":[null],"transformResponse":[null],"timeout":30000,"xsrfCookieName":"XSRF-TOKEN","xsrfHeaderName":"X-XSRF-TOKEN","maxContentLength":-1,"maxBodyLength":-1,"env":{},"headers":{"Accept":"application/json, text/plain, */*","Content-Type":"application/json","User-Agent":"LinkedIn-Ingestion-Admin-UI/1.0","Accept-Encoding":"gzip, compress, deflate, br"},"baseURL":"http://localhost:8000","params":{"page":1,"limit":50},"method":"get","url":"/companies","allowAbsoluteUrls":true},"request":{"_events":{"socket":[null,null]},"_writableState":{"highWaterMark":65536,"length":0,"corked":0,"writelen":0,"bufferedIndex":0,"pendingcb":0},"_options":{"maxRedirects":21,"maxBodyLength":null,"protocol":"http:","path":"/companies?page=1&limit=50","method":"GET","headers":{"Accept":"application/json, text/plain, */*","Content-Type":"application/json","User-Agent":"LinkedIn-Ingestion-Admin-UI/1.0","Accept-Encoding":"gzip, compress, deflate, br"},"agents":{},"beforeRedirects":{},"hostname":"localhost","port":"8000","nativeProtocols":{"http:":{"METHODS":["ACL","BIND","CHECKOUT","CONNECT","COPY","DELETE","GET","HEAD","LINK","LOCK","M-SEARCH","MERGE","MKACTIVITY","MKCALENDAR","MKCOL","MOVE","NOTIFY","OPTIONS","PATCH","POST","PROPFIND","PROPPATCH","PURGE","PUT","QUERY","REBIND","REPORT","SEARCH","SOURCE","SUBSCRIBE","TRACE","UNBIND","UNLINK","UNLOCK","UNSUBSCRIBE"],"STATUS_CODES":{"100":"Continue","101":"Switching Protocols","102":"Processing","103":"Early Hints","200":"OK","201":"Created","202":"Accepted","203":"Non-Authoritative Information","204":"No Content","205":"Reset Content","206":"Partial Content","207":"Multi-Status","208":"Already Reported","226":"IM Used","300":"Multiple Choices","301":"Moved Permanently","302":"Found","303":"See Other","304":"Not Modified","305":"Use Proxy","307":"Temporary Redirect","308":"Permanent Redirect","400":"Bad Request","401":"Unauthorized","402":"Payment Required","403":"Forbidden","404":"Not Found","405":"Method Not Allowed","406":"Not Acceptable","407":"Proxy Authentication Required","408":"Request Timeout","409":"Conflict","410":"Gone","411":"Length Required","412":"Precondition Failed","413":"Payload Too Large","414":"URI Too Long","415":"Unsupported Media Type","416":"Range Not Satisfiable","417":"Expectation Failed","418":"I'm a Teapot","421":"Misdirected Request","422":"Unprocessable Entity","423":"Locked","424":"Failed Dependency","425":"Too Early","426":"Upgrade Required","428":"Precondition Required","429":"Too Many Requests","431":"Request Header Fields Too Large","451":"Unavailable For Legal Reasons","500":"Internal Server Error","501":"Not Implemented","502":"Bad Gateway","503":"Service Unavailable","504":"Gateway Timeout","505":"HTTP Version Not Supported","506":"Variant Also Negotiates","507":"Insufficient Storage","508":"Loop Detected","509":"Bandwidth Limit Exceeded","510":"Not Extended","511":"Network Authentication Required"},"maxHeaderSize":16384,"globalAgent":{"_events":{},"_eventsCount":2,"defaultPort":80,"protocol":"http:","options":{"keepAlive":true,"scheduling":"lifo","timeout":5000,"noDelay":true,"path":null},"requests":{},"sockets":{"localhost:8000:":[{"connecting":false,"_hadError":true,"_parent":null,"_host":"localhost","_closeAfterHandlingError":false,"_events":{"close":[null,null,null],"connect":[null,null,null],"timeout":[null,null,null]},"_readableState":{"highWaterMark":65536,"buffer":[],"bufferIndex":0,"length":0,"pipes":[],"awaitDrainWriters":null},"_writableState":{"highWaterMark":65536,"length":255,"corked":0,"writelen":255,"bufferedIndex":0,"pendingcb":1},"allowHalfOpen":false,"_eventsCount":8,"_sockname":null,"_pendingData":"GET /companies?page=1&limit=50 HTTP/1.1\r\nAccept: application/json, text/plain, */*\r\nContent-Type: application/json\r\nUser-Agent: LinkedIn-Ingestion-Admin-UI/1.0\r\nAccept-Encoding: gzip, compress, deflate, br\r\nHost: localhost:8000\r\nConnection: keep-alive\r\n\r\n","_pendingEncoding":"latin1","server":null,"_server":null,"timeout":30000,"parser":null,"_httpMessage":{"_events":{},"_eventsCount":7,"outputData":[],"outputSize":0,"writable":true,"destroyed":false,"_last":true,"chunkedEncoding":false,"shouldKeepAlive":true,"maxRequestsOnConnectionReached":false,"_defaultKeepAlive":true,"useChunkedEncodingByDefault":false,"sendDate":false,"_removedConnection":false,"_removedContLen":false,"_removedTE":false,"strictContentLength":false,"_contentLength":0,"_hasBody":true,"_trailer":"","finished":true,"_headerSent":true,"_closed":false,"_header":"GET /companies?page=1&limit=50 HTTP/1.1\r\nAccept: application/json, text/plain, */*\r\nContent-Type: application/json\r\nUser-Agent: LinkedIn-Ingestion-Admin-UI/1.0\r\nAccept-Encoding: gzip, compress, deflate, br\r\nHost: localhost:8000\r\nConnection: keep-alive\r\n\r\n","_keepAliveTimeout":0,"agent":"[Circular]","method":"GET","path":"/companies?page=1&limit=50","_ended":false,"res":null,"aborted":false,"upgradeOrConnect":false,"parser":null,"maxHeadersCount":null,"reusedSocket":false,"host":"localhost","protocol":"http:","_redirectable":"[Circular]"},"autoSelectFamilyAttemptedAddresses":["::1:8000","127.0.0.1:8000"]}]},"freeSockets":{},"keepAliveMsecs":1000,"keepAlive":true,"maxSockets":null,"maxFreeSockets":256,"scheduling":"lifo","maxTotalSockets":null,"totalSocketCount":1}},"https:":{"globalAgent":{"_events":{},"_eventsCount":2,"defaultPort":443,"protocol":"https:","options":{"keepAlive":true,"scheduling":"lifo","timeout":5000,"noDelay":true,"path":null},"requests":{},"sockets":{},"freeSockets":{},"keepAliveMsecs":1000,"keepAlive":true,"maxSockets":null,"maxFreeSockets":256,"scheduling":"lifo","maxTotalSockets":null,"totalSocketCount":0,"maxCachedSessions":100,"_sessionCache":{"map":{},"list":[]}}}},"pathname":"/companies","search":"?page=1&limit=50"},"_ended":true,"_ending":true,"_redirectCount":0,"_redirects":[],"_requestBodyLength":0,"_requestBodyBuffers":[],"_eventsCount":3,"_currentRequest":"[Circular]","_currentUrl":"http://localhost:8000/companies?page=1&limit=50","_timeout":null},"cause":{"code":"ECONNREFUSED"},"stack":"AggregateError\n    at AxiosError.from (/Users/burke/projects/linkedin-ingestion/admin-ui/node_modules/axios/dist/node/axios.cjs:899:14)\n    at RedirectableRequest.handleRequestError (/Users/burke/projects/linkedin-ingestion/admin-ui/node_modules/axios/dist/node/axios.cjs:3228:25)\n    at RedirectableRequest.emit (node:events:519:35)\n    at eventHandlers.<computed> (/Users/burke/projects/linkedin-ingestion/admin-ui/node_modules/follow-redirects/index.js:49:24)\n    at ClientRequest.emit (node:events:507:28)\n    at emitErrorEvent (node:_http_client:104:11)\n    at Socket.socketErrorListener (node:_http_client:518:5)\n    at Socket.emit (node:events:507:28)\n    at emitErrorNT (node:internal/streams/destroy:170:8)\n    at emitErrorCloseNT (node:internal/streams/destroy:129:3)\n    at Axios.request (/Users/burke/projects/linkedin-ingestion/admin-ui/node_modules/axios/dist/node/axios.cjs:4317:41)\n    at process.processTicksAndRejections (node:internal/process/task_queues:105:5)\n    at async /Users/burke/projects/linkedin-ingestion/admin-ui/routes/companies.js:19:26"}
2025-08-18T20:04:34.387Z [[32minfo[39m]: GET /ingestion {"service":"linkedin-ingestion-admin-ui","ip":"::1","userAgent":"Mozilla/5.0 (Macintosh; Intel Mac OS X 10_15_7) AppleWebKit/537.36 (KHTML, like Gecko) Chrome/139.0.0.0 Safari/537.36"}
ReferenceError: /Users/burke/projects/linkedin-ingestion/admin-ui/views/error.ejs:19
    17|                     </div>
    18|                     <h1 class="display-4 fw-bold text-dark mb-3"><%= title %></h1>
 >> 19|                     <p class="fs-5 text-muted mb-4"><%= message %></p>
    20|                     <% if (error && error.status) { %>
    21|                         <p class="text-muted">Status Code: <%= error.status %></p>
    22|                     <% } %>

message is not defined
    at eval ("/Users/burke/projects/linkedin-ingestion/admin-ui/views/error.ejs":18:26)
    at error (/Users/burke/projects/linkedin-ingestion/admin-ui/node_modules/ejs/lib/ejs.js:703:17)
    at tryHandleCache (/Users/burke/projects/linkedin-ingestion/admin-ui/node_modules/ejs/lib/ejs.js:274:36)
    at exports.renderFile [as engine] (/Users/burke/projects/linkedin-ingestion/admin-ui/node_modules/ejs/lib/ejs.js:491:10)
    at View.render (/Users/burke/projects/linkedin-ingestion/admin-ui/node_modules/express/lib/view.js:135:8)
    at tryRender (/Users/burke/projects/linkedin-ingestion/admin-ui/node_modules/express/lib/application.js:657:10)
    at Function.render (/Users/burke/projects/linkedin-ingestion/admin-ui/node_modules/express/lib/application.js:609:3)
    at ServerResponse.render (/Users/burke/projects/linkedin-ingestion/admin-ui/node_modules/express/lib/response.js:1049:7)
    at /Users/burke/projects/linkedin-ingestion/admin-ui/server.js:104:21
    at Layer.handle [as handle_request] (/Users/burke/projects/linkedin-ingestion/admin-ui/node_modules/express/lib/router/layer.js:95:5)
2025-08-18T20:04:38.330Z [[32minfo[39m]: GET /scoring {"service":"linkedin-ingestion-admin-ui","ip":"::1","userAgent":"Mozilla/5.0 (Macintosh; Intel Mac OS X 10_15_7) AppleWebKit/537.36 (KHTML, like Gecko) Chrome/139.0.0.0 Safari/537.36"}
ReferenceError: /Users/burke/projects/linkedin-ingestion/admin-ui/views/error.ejs:19
    17|                     </div>
    18|                     <h1 class="display-4 fw-bold text-dark mb-3"><%= title %></h1>
 >> 19|                     <p class="fs-5 text-muted mb-4"><%= message %></p>
    20|                     <% if (error && error.status) { %>
    21|                         <p class="text-muted">Status Code: <%= error.status %></p>
    22|                     <% } %>

message is not defined
    at eval ("/Users/burke/projects/linkedin-ingestion/admin-ui/views/error.ejs":18:26)
    at error (/Users/burke/projects/linkedin-ingestion/admin-ui/node_modules/ejs/lib/ejs.js:703:17)
    at tryHandleCache (/Users/burke/projects/linkedin-ingestion/admin-ui/node_modules/ejs/lib/ejs.js:274:36)
    at exports.renderFile [as engine] (/Users/burke/projects/linkedin-ingestion/admin-ui/node_modules/ejs/lib/ejs.js:491:10)
    at View.render (/Users/burke/projects/linkedin-ingestion/admin-ui/node_modules/express/lib/view.js:135:8)
    at tryRender (/Users/burke/projects/linkedin-ingestion/admin-ui/node_modules/express/lib/application.js:657:10)
    at Function.render (/Users/burke/projects/linkedin-ingestion/admin-ui/node_modules/express/lib/application.js:609:3)
    at ServerResponse.render (/Users/burke/projects/linkedin-ingestion/admin-ui/node_modules/express/lib/response.js:1049:7)
    at /Users/burke/projects/linkedin-ingestion/admin-ui/server.js:104:21
    at Layer.handle [as handle_request] (/Users/burke/projects/linkedin-ingestion/admin-ui/node_modules/express/lib/router/layer.js:95:5)
2025-08-18T20:04:41.290Z [[32minfo[39m]: GET /templates {"service":"linkedin-ingestion-admin-ui","ip":"::1","userAgent":"Mozilla/5.0 (Macintosh; Intel Mac OS X 10_15_7) AppleWebKit/537.36 (KHTML, like Gecko) Chrome/139.0.0.0 Safari/537.36"}
ReferenceError: /Users/burke/projects/linkedin-ingestion/admin-ui/views/error.ejs:19
    17|                     </div>
    18|                     <h1 class="display-4 fw-bold text-dark mb-3"><%= title %></h1>
 >> 19|                     <p class="fs-5 text-muted mb-4"><%= message %></p>
    20|                     <% if (error && error.status) { %>
    21|                         <p class="text-muted">Status Code: <%= error.status %></p>
    22|                     <% } %>

message is not defined
    at eval ("/Users/burke/projects/linkedin-ingestion/admin-ui/views/error.ejs":18:26)
    at error (/Users/burke/projects/linkedin-ingestion/admin-ui/node_modules/ejs/lib/ejs.js:703:17)
    at tryHandleCache (/Users/burke/projects/linkedin-ingestion/admin-ui/node_modules/ejs/lib/ejs.js:274:36)
    at exports.renderFile [as engine] (/Users/burke/projects/linkedin-ingestion/admin-ui/node_modules/ejs/lib/ejs.js:491:10)
    at View.render (/Users/burke/projects/linkedin-ingestion/admin-ui/node_modules/express/lib/view.js:135:8)
    at tryRender (/Users/burke/projects/linkedin-ingestion/admin-ui/node_modules/express/lib/application.js:657:10)
    at Function.render (/Users/burke/projects/linkedin-ingestion/admin-ui/node_modules/express/lib/application.js:609:3)
    at ServerResponse.render (/Users/burke/projects/linkedin-ingestion/admin-ui/node_modules/express/lib/response.js:1049:7)
    at /Users/burke/projects/linkedin-ingestion/admin-ui/server.js:104:21
    at Layer.handle [as handle_request] (/Users/burke/projects/linkedin-ingestion/admin-ui/node_modules/express/lib/router/layer.js:95:5)
2025-08-18T20:08:20.498Z [[32minfo[39m]: SIGTERM received, shutting down gracefully {"service":"linkedin-ingestion-admin-ui"}
2025-08-18T20:08:20.500Z [[32minfo[39m]: Process terminated {"service":"linkedin-ingestion-admin-ui"}
