
Running 10 tests using 2 workers

Test cleanup completed
  ✘  1 [chromium] › tests/scoring-flow.spec.js:11:3 › Profile Scoring Flow › Complete profile scoring workflow (16.7s)
Test cleanup completed
  ✘  2 [firefox] › tests/scoring-flow.spec.js:11:3 › Profile Scoring Flow › Complete profile scoring workflow (17.0s)
Test cleanup completed
  ✘  3 [chromium] › tests/scoring-flow.spec.js:11:3 › Profile Scoring Flow › Complete profile scoring workflow (retry #1) (16.5s)
Test cleanup completed
  ✘  4 [firefox] › tests/scoring-flow.spec.js:11:3 › Profile Scoring Flow › Complete profile scoring workflow (retry #1) (16.9s)
Test cleanup completed
  ✘  5 [chromium] › tests/scoring-flow.spec.js:106:3 › Profile Scoring Flow › Scoring modal validation (42.1s)
Test cleanup completed
  ✘  6 [firefox] › tests/scoring-flow.spec.js:106:3 › Profile Scoring Flow › Scoring modal validation (41.7s)
Test cleanup completed
  ✘  7 [chromium] › tests/scoring-flow.spec.js:106:3 › Profile Scoring Flow › Scoring modal validation (retry #1) (42.5s)
  ✓  9 [chromium] › tests/scoring-flow.spec.js:134:3 › Profile Scoring Flow › Scoring history page navigation (1.2s)
  ✓  10 [chromium] › tests/scoring-flow.spec.js:157:3 › Profile Scoring Flow › Scoring job detail page functionality (374ms)
Test cleanup completed
  ✘  8 [firefox] › tests/scoring-flow.spec.js:106:3 › Profile Scoring Flow › Scoring modal validation (retry #1) (42.2s)
  ✓  12 [firefox] › tests/scoring-flow.spec.js:134:3 › Profile Scoring Flow › Scoring history page navigation (1.6s)
  ✓  13 [firefox] › tests/scoring-flow.spec.js:157:3 › Profile Scoring Flow › Scoring job detail page functionality (523ms)
Test cleanup completed
  ✓  11 [chromium] › tests/scoring-flow.spec.js:195:3 › Profile Scoring Flow › Template loading in scoring modal (4.1s)
Test cleanup completed
  ✓  14 [firefox] › tests/scoring-flow.spec.js:195:3 › Profile Scoring Flow › Template loading in scoring modal (4.4s)


  1) [chromium] › tests/scoring-flow.spec.js:11:3 › Profile Scoring Flow › Complete profile scoring workflow 

    Error: [31mTimed out 10000ms waiting for [39m[2mexpect([22m[31mlocator[39m[2m).[22mtoBeVisible[2m()[22m

    Locator: locator('text=Test scoring run via Playwright automation')
    Expected: visible
    Received: <element(s) not found>
    Call log:
    [2m  - Expect "toBeVisible" with timeout 10000ms[22m
    [2m  - waiting for locator('text=Test scoring run via Playwright automation')[22m


      58 |     // Verify job details page content
      59 |     await expect(page.locator('h2')).toContainText('Scoring Job');
    > 60 |     await expect(page.locator('text=Test scoring run via Playwright automation')).toBeVisible();
         |                                                                                   ^
      61 |     
      62 |     // Wait for job completion (with reasonable timeout)
      63 |     // This will vary based on your scoring implementation
        at /Users/burke/projects/linkedin-ingestion/admin-ui/tests/scoring-flow.spec.js:60:83

    attachment #1: screenshot (image/png) ──────────────────────────────────────────────────────────
    test-results/scoring-flow-Profile-Scori-69d7b-te-profile-scoring-workflow-chromium/test-failed-1.png
    ────────────────────────────────────────────────────────────────────────────────────────────────

    attachment #2: video (video/webm) ──────────────────────────────────────────────────────────────
    test-results/scoring-flow-Profile-Scori-69d7b-te-profile-scoring-workflow-chromium/video.webm
    ────────────────────────────────────────────────────────────────────────────────────────────────

    Error Context: test-results/scoring-flow-Profile-Scori-69d7b-te-profile-scoring-workflow-chromium/error-context.md

    Retry #1 ───────────────────────────────────────────────────────────────────────────────────────

    Error: [31mTimed out 10000ms waiting for [39m[2mexpect([22m[31mlocator[39m[2m).[22mtoBeVisible[2m()[22m

    Locator: locator('text=Test scoring run via Playwright automation')
    Expected: visible
    Received: <element(s) not found>
    Call log:
    [2m  - Expect "toBeVisible" with timeout 10000ms[22m
    [2m  - waiting for locator('text=Test scoring run via Playwright automation')[22m


      58 |     // Verify job details page content
      59 |     await expect(page.locator('h2')).toContainText('Scoring Job');
    > 60 |     await expect(page.locator('text=Test scoring run via Playwright automation')).toBeVisible();
         |                                                                                   ^
      61 |     
      62 |     // Wait for job completion (with reasonable timeout)
      63 |     // This will vary based on your scoring implementation
        at /Users/burke/projects/linkedin-ingestion/admin-ui/tests/scoring-flow.spec.js:60:83

    attachment #1: screenshot (image/png) ──────────────────────────────────────────────────────────
    test-results/scoring-flow-Profile-Scori-69d7b-te-profile-scoring-workflow-chromium-retry1/test-failed-1.png
    ────────────────────────────────────────────────────────────────────────────────────────────────

    attachment #2: video (video/webm) ──────────────────────────────────────────────────────────────
    test-results/scoring-flow-Profile-Scori-69d7b-te-profile-scoring-workflow-chromium-retry1/video.webm
    ────────────────────────────────────────────────────────────────────────────────────────────────

    Error Context: test-results/scoring-flow-Profile-Scori-69d7b-te-profile-scoring-workflow-chromium-retry1/error-context.md

    attachment #4: trace (application/zip) ─────────────────────────────────────────────────────────
    test-results/scoring-flow-Profile-Scori-69d7b-te-profile-scoring-workflow-chromium-retry1/trace.zip
    Usage:

        npx playwright show-trace test-results/scoring-flow-Profile-Scori-69d7b-te-profile-scoring-workflow-chromium-retry1/trace.zip

    ────────────────────────────────────────────────────────────────────────────────────────────────

  2) [chromium] › tests/scoring-flow.spec.js:106:3 › Profile Scoring Flow › Scoring modal validation 

    TimeoutError: locator.click: Timeout 30000ms exceeded.
    Call log:
    [2m  - waiting for locator('#scoreModal button:has-text("Score Profile"):not([data-bs-dismiss])')[22m
    [2m    - locator resolved to <button type="button" class="btn btn-primary" onclick="submitScoring()">…</button>[22m
    [2m  - attempting click action[22m
    [2m    2 × waiting for element to be visible, enabled and stable[22m
    [2m      - element is not stable[22m
    [2m    - retrying click action[22m
    [2m    - waiting 20ms[22m
    [2m    - waiting for element to be visible, enabled and stable[22m
    [2m    - element is visible, enabled and stable[22m
    [2m    - scrolling into view if needed[22m
    [2m    - done scrolling[22m
    [2m    - performing click action[22m


      117 |     // Set up dialog handler before clicking
      118 |     const dialogPromise = page.waitForEvent('dialog');
    > 119 |     await page.locator('#scoreModal button:has-text("Score Profile"):not([data-bs-dismiss])').click();
          |                                                                                               ^
      120 |     
      121 |     // Handle validation dialog
      122 |     const dialog = await dialogPromise;
        at /Users/burke/projects/linkedin-ingestion/admin-ui/tests/scoring-flow.spec.js:119:95

    attachment #1: video (video/webm) ──────────────────────────────────────────────────────────────
    test-results/scoring-flow-Profile-Scoring-Flow-Scoring-modal-validation-chromium/video.webm
    ────────────────────────────────────────────────────────────────────────────────────────────────

    Retry #1 ───────────────────────────────────────────────────────────────────────────────────────

    TimeoutError: locator.click: Timeout 30000ms exceeded.
    Call log:
    [2m  - waiting for locator('#scoreModal button:has-text("Score Profile"):not([data-bs-dismiss])')[22m
    [2m    - locator resolved to <button type="button" class="btn btn-primary" onclick="submitScoring()">…</button>[22m
    [2m  - attempting click action[22m
    [2m    2 × waiting for element to be visible, enabled and stable[22m
    [2m      - element is not stable[22m
    [2m    - retrying click action[22m
    [2m    - waiting 20ms[22m
    [2m    - waiting for element to be visible, enabled and stable[22m
    [2m    - element is visible, enabled and stable[22m
    [2m    - scrolling into view if needed[22m
    [2m    - done scrolling[22m
    [2m    - performing click action[22m


      117 |     // Set up dialog handler before clicking
      118 |     const dialogPromise = page.waitForEvent('dialog');
    > 119 |     await page.locator('#scoreModal button:has-text("Score Profile"):not([data-bs-dismiss])').click();
          |                                                                                               ^
      120 |     
      121 |     // Handle validation dialog
      122 |     const dialog = await dialogPromise;
        at /Users/burke/projects/linkedin-ingestion/admin-ui/tests/scoring-flow.spec.js:119:95

    attachment #1: video (video/webm) ──────────────────────────────────────────────────────────────
    test-results/scoring-flow-Profile-Scoring-Flow-Scoring-modal-validation-chromium-retry1/video.webm
    ────────────────────────────────────────────────────────────────────────────────────────────────

    attachment #2: trace (application/zip) ─────────────────────────────────────────────────────────
    test-results/scoring-flow-Profile-Scoring-Flow-Scoring-modal-validation-chromium-retry1/trace.zip
    Usage:

        npx playwright show-trace test-results/scoring-flow-Profile-Scoring-Flow-Scoring-modal-validation-chromium-retry1/trace.zip

    ────────────────────────────────────────────────────────────────────────────────────────────────

  3) [firefox] › tests/scoring-flow.spec.js:11:3 › Profile Scoring Flow › Complete profile scoring workflow 

    Error: [31mTimed out 10000ms waiting for [39m[2mexpect([22m[31mlocator[39m[2m).[22mtoBeVisible[2m()[22m

    Locator: locator('text=Test scoring run via Playwright automation')
    Expected: visible
    Received: <element(s) not found>
    Call log:
    [2m  - Expect "toBeVisible" with timeout 10000ms[22m
    [2m  - waiting for locator('text=Test scoring run via Playwright automation')[22m


      58 |     // Verify job details page content
      59 |     await expect(page.locator('h2')).toContainText('Scoring Job');
    > 60 |     await expect(page.locator('text=Test scoring run via Playwright automation')).toBeVisible();
         |                                                                                   ^
      61 |     
      62 |     // Wait for job completion (with reasonable timeout)
      63 |     // This will vary based on your scoring implementation
        at /Users/burke/projects/linkedin-ingestion/admin-ui/tests/scoring-flow.spec.js:60:83

    attachment #1: screenshot (image/png) ──────────────────────────────────────────────────────────
    test-results/scoring-flow-Profile-Scori-69d7b-te-profile-scoring-workflow-firefox/test-failed-1.png
    ────────────────────────────────────────────────────────────────────────────────────────────────

    attachment #2: video (video/webm) ──────────────────────────────────────────────────────────────
    test-results/scoring-flow-Profile-Scori-69d7b-te-profile-scoring-workflow-firefox/video.webm
    ────────────────────────────────────────────────────────────────────────────────────────────────

    Error Context: test-results/scoring-flow-Profile-Scori-69d7b-te-profile-scoring-workflow-firefox/error-context.md

    Retry #1 ───────────────────────────────────────────────────────────────────────────────────────

    Error: [31mTimed out 10000ms waiting for [39m[2mexpect([22m[31mlocator[39m[2m).[22mtoBeVisible[2m()[22m

    Locator: locator('text=Test scoring run via Playwright automation')
    Expected: visible
    Received: <element(s) not found>
    Call log:
    [2m  - Expect "toBeVisible" with timeout 10000ms[22m
    [2m  - waiting for locator('text=Test scoring run via Playwright automation')[22m


      58 |     // Verify job details page content
      59 |     await expect(page.locator('h2')).toContainText('Scoring Job');
    > 60 |     await expect(page.locator('text=Test scoring run via Playwright automation')).toBeVisible();
         |                                                                                   ^
      61 |     
      62 |     // Wait for job completion (with reasonable timeout)
      63 |     // This will vary based on your scoring implementation
        at /Users/burke/projects/linkedin-ingestion/admin-ui/tests/scoring-flow.spec.js:60:83

    attachment #1: screenshot (image/png) ──────────────────────────────────────────────────────────
    test-results/scoring-flow-Profile-Scori-69d7b-te-profile-scoring-workflow-firefox-retry1/test-failed-1.png
    ────────────────────────────────────────────────────────────────────────────────────────────────

    attachment #2: video (video/webm) ──────────────────────────────────────────────────────────────
    test-results/scoring-flow-Profile-Scori-69d7b-te-profile-scoring-workflow-firefox-retry1/video.webm
    ────────────────────────────────────────────────────────────────────────────────────────────────

    Error Context: test-results/scoring-flow-Profile-Scori-69d7b-te-profile-scoring-workflow-firefox-retry1/error-context.md

    attachment #4: trace (application/zip) ─────────────────────────────────────────────────────────
    test-results/scoring-flow-Profile-Scori-69d7b-te-profile-scoring-workflow-firefox-retry1/trace.zip
    Usage:

        npx playwright show-trace test-results/scoring-flow-Profile-Scori-69d7b-te-profile-scoring-workflow-firefox-retry1/trace.zip

    ────────────────────────────────────────────────────────────────────────────────────────────────

  4) [firefox] › tests/scoring-flow.spec.js:106:3 › Profile Scoring Flow › Scoring modal validation 

    TimeoutError: locator.click: Timeout 30000ms exceeded.
    Call log:
    [2m  - waiting for locator('#scoreModal button:has-text("Score Profile"):not([data-bs-dismiss])')[22m
    [2m    - locator resolved to <button type="button" class="btn btn-primary" onclick="submitScoring()">…</button>[22m
    [2m  - attempting click action[22m
    [2m    2 × waiting for element to be visible, enabled and stable[22m
    [2m      - element is not stable[22m
    [2m    - retrying click action[22m
    [2m    - waiting 20ms[22m
    [2m    - waiting for element to be visible, enabled and stable[22m
    [2m    - element is not stable[22m
    [2m  - retrying click action[22m
    [2m    - waiting 100ms[22m
    [2m    - waiting for element to be visible, enabled and stable[22m
    [2m    - element is visible, enabled and stable[22m
    [2m    - scrolling into view if needed[22m
    [2m    - done scrolling[22m
    [2m    - performing click action[22m


      117 |     // Set up dialog handler before clicking
      118 |     const dialogPromise = page.waitForEvent('dialog');
    > 119 |     await page.locator('#scoreModal button:has-text("Score Profile"):not([data-bs-dismiss])').click();
          |                                                                                               ^
      120 |     
      121 |     // Handle validation dialog
      122 |     const dialog = await dialogPromise;
        at /Users/burke/projects/linkedin-ingestion/admin-ui/tests/scoring-flow.spec.js:119:95

    attachment #1: video (video/webm) ──────────────────────────────────────────────────────────────
    test-results/scoring-flow-Profile-Scoring-Flow-Scoring-modal-validation-firefox/video.webm
    ────────────────────────────────────────────────────────────────────────────────────────────────

    Retry #1 ───────────────────────────────────────────────────────────────────────────────────────

    TimeoutError: locator.click: Timeout 30000ms exceeded.
    Call log:
    [2m  - waiting for locator('#scoreModal button:has-text("Score Profile"):not([data-bs-dismiss])')[22m
    [2m    - locator resolved to <button type="button" class="btn btn-primary" onclick="submitScoring()">…</button>[22m
    [2m  - attempting click action[22m
    [2m    2 × waiting for element to be visible, enabled and stable[22m
    [2m      - element is not stable[22m
    [2m    - retrying click action[22m
    [2m    - waiting 20ms[22m
    [2m    - waiting for element to be visible, enabled and stable[22m
    [2m    - element is not stable[22m
    [2m  - retrying click action[22m
    [2m    - waiting 100ms[22m
    [2m    - waiting for element to be visible, enabled and stable[22m
    [2m    - element is visible, enabled and stable[22m
    [2m    - scrolling into view if needed[22m
    [2m    - done scrolling[22m
    [2m    - performing click action[22m


      117 |     // Set up dialog handler before clicking
      118 |     const dialogPromise = page.waitForEvent('dialog');
    > 119 |     await page.locator('#scoreModal button:has-text("Score Profile"):not([data-bs-dismiss])').click();
          |                                                                                               ^
      120 |     
      121 |     // Handle validation dialog
      122 |     const dialog = await dialogPromise;
        at /Users/burke/projects/linkedin-ingestion/admin-ui/tests/scoring-flow.spec.js:119:95

    attachment #1: video (video/webm) ──────────────────────────────────────────────────────────────
    test-results/scoring-flow-Profile-Scoring-Flow-Scoring-modal-validation-firefox-retry1/video.webm
    ────────────────────────────────────────────────────────────────────────────────────────────────

    attachment #2: trace (application/zip) ─────────────────────────────────────────────────────────
    test-results/scoring-flow-Profile-Scoring-Flow-Scoring-modal-validation-firefox-retry1/trace.zip
    Usage:

        npx playwright show-trace test-results/scoring-flow-Profile-Scoring-Flow-Scoring-modal-validation-firefox-retry1/trace.zip

    ────────────────────────────────────────────────────────────────────────────────────────────────

  4 failed
    [chromium] › tests/scoring-flow.spec.js:11:3 › Profile Scoring Flow › Complete profile scoring workflow 
    [chromium] › tests/scoring-flow.spec.js:106:3 › Profile Scoring Flow › Scoring modal validation 
    [firefox] › tests/scoring-flow.spec.js:11:3 › Profile Scoring Flow › Complete profile scoring workflow 
    [firefox] › tests/scoring-flow.spec.js:106:3 › Profile Scoring Flow › Scoring modal validation ─
  6 passed (2.2m)
